<?xml version="1.0" encoding="UTF-8"?>
<!-- Generated by org.testng.reporters.JUnitXMLReporter -->
<testsuite ignored="0" hostname="DESKTOP-ICLD36V" failures="0" tests="15" name="Default test" time="11.287" errors="0" timestamp="2024-07-11T10:52:24 IST">
  <testcase classname="api_testsuite.Reqres_api" name="create" time="2.862"/>
  <testcase classname="api_testsuite.Reqres_api" name="delay" time="3.538"/>
  <testcase classname="api_testsuite.Reqres_api" name="delete" time="0.505"/>
  <testcase classname="api_testsuite.Reqres_api" name="list_resources" time="0.177"/>
  <testcase classname="api_testsuite.Reqres_api" name="list_users" time="0.155"/>
  <testcase classname="api_testsuite.Reqres_api" name="login" time="0.478"/>
  <testcase classname="api_testsuite.Reqres_api" name="login_not_successful" time="0.497"/>
  <testcase classname="api_testsuite.Reqres_api" name="lsingle_resources" time="0.19"/>
  <testcase classname="api_testsuite.Reqres_api" name="lsingle_resources_not_found" time="0.489"/>
  <testcase classname="api_testsuite.Reqres_api" name="reg_not_successful" time="0.508"/>
  <testcase classname="api_testsuite.Reqres_api" name="reg_successful" time="0.5"/>
  <testcase classname="api_testsuite.Reqres_api" name="single_user" time="0.15"/>
  <testcase classname="api_testsuite.Reqres_api" name="single_user_not_found" time="0.15"/>
  <testcase classname="api_testsuite.Reqres_api" name="update" time="0.505"/>
  <testcase classname="api_testsuite.Reqres_api" name="update1" time="0.481"/>
</testsuite> <!-- Default test -->
