<?xml version="1.0" encoding="UTF-8"?>
<!-- Generated by org.testng.reporters.JUnitXMLReporter -->
<testsuite ignored="0" hostname="DESKTOP-ICLD36V" failures="0" tests="15" name="Test" time="10.929" errors="0" timestamp="2024-07-11T11:05:07 IST">
  <testcase classname="api_testsuite.Reqres_api" name="create" time="2.858"/>
  <testcase classname="api_testsuite.Reqres_api" name="delay" time="3.526"/>
  <testcase classname="api_testsuite.Reqres_api" name="delete" time="0.521"/>
  <testcase classname="api_testsuite.Reqres_api" name="list_resources" time="0.162"/>
  <testcase classname="api_testsuite.Reqres_api" name="list_users" time="0.176"/>
  <testcase classname="api_testsuite.Reqres_api" name="login" time="0.491"/>
  <testcase classname="api_testsuite.Reqres_api" name="login_not_successful" time="0.491"/>
  <testcase classname="api_testsuite.Reqres_api" name="lsingle_resources" time="0.159"/>
  <testcase classname="api_testsuite.Reqres_api" name="lsingle_resources_not_found" time="0.154"/>
  <testcase classname="api_testsuite.Reqres_api" name="reg_not_successful" time="0.499"/>
  <testcase classname="api_testsuite.Reqres_api" name="reg_successful" time="0.514"/>
  <testcase classname="api_testsuite.Reqres_api" name="single_user" time="0.149"/>
  <testcase classname="api_testsuite.Reqres_api" name="single_user_not_found" time="0.164"/>
  <testcase classname="api_testsuite.Reqres_api" name="update" time="0.489"/>
  <testcase classname="api_testsuite.Reqres_api" name="update1" time="0.5"/>
</testsuite> <!-- Test -->
