<?xml version="1.0" encoding="UTF-8"?>
<testsuite xmlns:xsi="http://www.w3.org/2001/XMLSchema-instance" xsi:noNamespaceSchemaLocation="https://maven.apache.org/surefire/maven-surefire-plugin/xsd/surefire-test-report-3.0.xsd" version="3.0" name="TestSuite" time="11.594" tests="15" errors="0" skipped="0" failures="0">
  <properties>
[...]
</properties>
  <testcase name="create" classname="api_testsuite.Reqres_api" time="2.859">
    <system-out><![CDATA[HTTP/1.1 201 Created
Date: Thu, 11 Jul 2024 05:34:59 GMT
Content-Type: application/json; charset=utf-8
Content-Length: 51
Connection: keep-alive
Report-To: {"group":"heroku-nel","max_age":3600,"endpoints":[{"url":"https://nel.heroku.com/reports?ts=1720676098&sid=c4c9725f-1ab0-44d8-820f-430df2718e11&s=bv82wX%2BRSVeHOXebWuBY79XNt67ouVYEIU3WajUL7aM%3D"}]}
Reporting-Endpoints: heroku-nel=https://nel.heroku.com/reports?ts=1720676098&sid=c4c9725f-1ab0-44d8-820f-430df2718e11&s=bv82wX%2BRSVeHOXebWuBY79XNt67ouVYEIU3WajUL7aM%3D
Nel: {"report_to":"heroku-nel","max_age":3600,"success_fraction":0.005,"failure_fraction":0.05,"response_headers":["Via"]}
X-Powered-By: Express
Access-Control-Allow-Origin: *
Etag: W/"33-7Lh2oGEF2pzgFP0mRZLVQjIbiJg"
Via: 1.1 vegur
CF-Cache-Status: DYNAMIC
Server: cloudflare
CF-RAY: 8a166d709f2f7f3c-MAA

{
    "id": "763",
    "createdAt": "2024-07-11T05:34:58.924Z"
}
]]></system-out>
    <system-err><![CDATA[SLF4J: Failed to load class "org.slf4j.impl.StaticLoggerBinder".
SLF4J: Defaulting to no-operation (NOP) logger implementation
SLF4J: See http://www.slf4j.org/codes.html#StaticLoggerBinder for further details.
]]></system-err>
  </testcase>
  <testcase name="delay" classname="api_testsuite.Reqres_api" time="3.532">
    <system-out><![CDATA[HTTP/1.1 200 OK
Date: Thu, 11 Jul 2024 05:35:02 GMT
Content-Type: application/json; charset=utf-8
Transfer-Encoding: chunked
Connection: keep-alive
Report-To: {"group":"heroku-nel","max_age":3600,"endpoints":[{"url":"https://nel.heroku.com/reports?ts=1720676099&sid=c4c9725f-1ab0-44d8-820f-430df2718e11&s=Oj7C9JsBRs%2BSCFvVfy%2FabE%2BbA%2BN%2Bmffn%2Ble5fDDvIO8%3D"}]}
Reporting-Endpoints: heroku-nel=https://nel.heroku.com/reports?ts=1720676099&sid=c4c9725f-1ab0-44d8-820f-430df2718e11&s=Oj7C9JsBRs%2BSCFvVfy%2FabE%2BbA%2BN%2Bmffn%2Ble5fDDvIO8%3D
Nel: {"report_to":"heroku-nel","max_age":3600,"success_fraction":0.005,"failure_fraction":0.05,"response_headers":["Via"]}
X-Powered-By: Express
Access-Control-Allow-Origin: *
Etag: W/"3e4-2RLXvr5wTg9YQ6aH95CkYoFNuO8"
Via: 1.1 vegur
CF-Cache-Status: DYNAMIC
Server: cloudflare
CF-RAY: 8a166d750ad7a8f6-MAA
Content-Encoding: gzip

{
    "page": 1,
    "per_page": 6,
    "total": 12,
    "total_pages": 2,
    "data": [
        {
            "id": 1,
            "email": "george.bluth@reqres.in",
            "first_name": "George",
            "last_name": "Bluth",
            "avatar": "https://reqres.in/img/faces/1-image.jpg"
        },
        {
            "id": 2,
            "email": "janet.weaver@reqres.in",
            "first_name": "Janet",
            "last_name": "Weaver",
            "avatar": "https://reqres.in/img/faces/2-image.jpg"
        },
        {
            "id": 3,
            "email": "emma.wong@reqres.in",
            "first_name": "Emma",
            "last_name": "Wong",
            "avatar": "https://reqres.in/img/faces/3-image.jpg"
        },
        {
            "id": 4,
            "email": "eve.holt@reqres.in",
            "first_name": "Eve",
            "last_name": "Holt",
            "avatar": "https://reqres.in/img/faces/4-image.jpg"
        },
        {
            "id": 5,
            "email": "charles.morris@reqres.in",
            "first_name": "Charles",
            "last_name": "Morris",
            "avatar": "https://reqres.in/img/faces/5-image.jpg"
        },
        {
            "id": 6,
            "email": "tracey.ramos@reqres.in",
            "first_name": "Tracey",
            "last_name": "Ramos",
            "avatar": "https://reqres.in/img/faces/6-image.jpg"
        }
    ],
    "support": {
        "url": "https://reqres.in/#support-heading",
        "text": "To keep ReqRes free, contributions towards server costs are appreciated!"
    }
}
]]></system-out>
  </testcase>
  <testcase name="delete" classname="api_testsuite.Reqres_api" time="0.516">
    <system-out><![CDATA[HTTP/1.1 204 No Content
Date: Thu, 11 Jul 2024 05:35:03 GMT
Content-Length: 0
Connection: keep-alive
Report-To: {"group":"heroku-nel","max_age":3600,"endpoints":[{"url":"https://nel.heroku.com/reports?ts=1720676103&sid=c4c9725f-1ab0-44d8-820f-430df2718e11&s=4KoeVd9UTr%2B2w%2B3L125q1wyP4ghxQQul%2FA6UsiHNF1o%3D"}]}
Reporting-Endpoints: heroku-nel=https://nel.heroku.com/reports?ts=1720676103&sid=c4c9725f-1ab0-44d8-820f-430df2718e11&s=4KoeVd9UTr%2B2w%2B3L125q1wyP4ghxQQul%2FA6UsiHNF1o%3D
Nel: {"report_to":"heroku-nel","max_age":3600,"success_fraction":0.005,"failure_fraction":0.05,"response_headers":["Via"]}
X-Powered-By: Express
Access-Control-Allow-Origin: *
Etag: W/"2-vyGp6PvFo4RvsFtPoIWeCReyIC8"
Via: 1.1 vegur
CF-Cache-Status: DYNAMIC
Server: cloudflare
CF-RAY: 8a166d8b1b1a802c-MAA
]]></system-out>
  </testcase>
  <testcase name="list_resources" classname="api_testsuite.Reqres_api" time="0.166">
    <system-out><![CDATA[HTTP/1.1 200 OK
Date: Thu, 11 Jul 2024 05:35:03 GMT
Content-Type: application/json; charset=utf-8
Transfer-Encoding: chunked
Connection: keep-alive
Report-To: {"group":"heroku-nel","max_age":3600,"endpoints":[{"url":"https://nel.heroku.com/reports?ts=1720537996&sid=c4c9725f-1ab0-44d8-820f-430df2718e11&s=yRsaM7sqpotuNT35gmhFA7Yam3sxtd1G164e4HniGNY%3D"}]}
Reporting-Endpoints: heroku-nel=https://nel.heroku.com/reports?ts=1720537996&sid=c4c9725f-1ab0-44d8-820f-430df2718e11&s=yRsaM7sqpotuNT35gmhFA7Yam3sxtd1G164e4HniGNY%3D
Nel: {"report_to":"heroku-nel","max_age":3600,"success_fraction":0.005,"failure_fraction":0.05,"response_headers":["Via"]}
X-Powered-By: Express
Access-Control-Allow-Origin: *
Etag: W/"2c1-N6Rqerxquq2kgQhL51EiSg4x0R8"
Via: 1.1 vegur
Cache-Control: max-age=14400
CF-Cache-Status: HIT
Age: 6771
Vary: Accept-Encoding
Server: cloudflare
CF-RAY: 8a166d8e3ec49147-MAA
Content-Encoding: gzip

{
    "page": 1,
    "per_page": 6,
    "total": 12,
    "total_pages": 2,
    "data": [
        {
            "id": 1,
            "name": "cerulean",
            "year": 2000,
            "color": "#98B2D1",
            "pantone_value": "15-4020"
        },
        {
            "id": 2,
            "name": "fuchsia rose",
            "year": 2001,
            "color": "#C74375",
            "pantone_value": "17-2031"
        },
        {
            "id": 3,
            "name": "true red",
            "year": 2002,
            "color": "#BF1932",
            "pantone_value": "19-1664"
        },
        {
            "id": 4,
            "name": "aqua sky",
            "year": 2003,
            "color": "#7BC4C4",
            "pantone_value": "14-4811"
        },
        {
            "id": 5,
            "name": "tigerlily",
            "year": 2004,
            "color": "#E2583E",
            "pantone_value": "17-1456"
        },
        {
            "id": 6,
            "name": "blue turquoise",
            "year": 2005,
            "color": "#53B0AE",
            "pantone_value": "15-5217"
        }
    ],
    "support": {
        "url": "https://reqres.in/#support-heading",
        "text": "To keep ReqRes free, contributions towards server costs are appreciated!"
    }
}
]]></system-out>
  </testcase>
  <testcase name="list_users" classname="api_testsuite.Reqres_api" time="0.176">
    <system-out><![CDATA[HTTP/1.1 200 OK
Date: Thu, 11 Jul 2024 05:35:03 GMT
Content-Type: application/json; charset=utf-8
Transfer-Encoding: chunked
Connection: keep-alive
Report-To: {"group":"heroku-nel","max_age":3600,"endpoints":[{"url":"https://nel.heroku.com/reports?ts=1720597675&sid=c4c9725f-1ab0-44d8-820f-430df2718e11&s=fBfg5XznX4ugQZaU1KTNJ2wC3eM0idxFO0A4Qj%2BDZKY%3D"}]}
Reporting-Endpoints: heroku-nel=https://nel.heroku.com/reports?ts=1720597675&sid=c4c9725f-1ab0-44d8-820f-430df2718e11&s=fBfg5XznX4ugQZaU1KTNJ2wC3eM0idxFO0A4Qj%2BDZKY%3D
Nel: {"report_to":"heroku-nel","max_age":3600,"success_fraction":0.005,"failure_fraction":0.05,"response_headers":["Via"]}
X-Powered-By: Express
Access-Control-Allow-Origin: *
Etag: W/"406-ut0vzoCuidvyMf8arZpMpJ6ZRDw"
Via: 1.1 vegur
Cache-Control: max-age=14400
CF-Cache-Status: HIT
Age: 6212
Vary: Accept-Encoding
Server: cloudflare
CF-RAY: 8a166d8f4dafa92b-MAA
Content-Encoding: gzip

{
    "page": 2,
    "per_page": 6,
    "total": 12,
    "total_pages": 2,
    "data": [
        {
            "id": 7,
            "email": "michael.lawson@reqres.in",
            "first_name": "Michael",
            "last_name": "Lawson",
            "avatar": "https://reqres.in/img/faces/7-image.jpg"
        },
        {
            "id": 8,
            "email": "lindsay.ferguson@reqres.in",
            "first_name": "Lindsay",
            "last_name": "Ferguson",
            "avatar": "https://reqres.in/img/faces/8-image.jpg"
        },
        {
            "id": 9,
            "email": "tobias.funke@reqres.in",
            "first_name": "Tobias",
            "last_name": "Funke",
            "avatar": "https://reqres.in/img/faces/9-image.jpg"
        },
        {
            "id": 10,
            "email": "byron.fields@reqres.in",
            "first_name": "Byron",
            "last_name": "Fields",
            "avatar": "https://reqres.in/img/faces/10-image.jpg"
        },
        {
            "id": 11,
            "email": "george.edwards@reqres.in",
            "first_name": "George",
            "last_name": "Edwards",
            "avatar": "https://reqres.in/img/faces/11-image.jpg"
        },
        {
            "id": 12,
            "email": "rachel.howell@reqres.in",
            "first_name": "Rachel",
            "last_name": "Howell",
            "avatar": "https://reqres.in/img/faces/12-image.jpg"
        }
    ],
    "support": {
        "url": "https://reqres.in/#support-heading",
        "text": "To keep ReqRes free, contributions towards server costs are appreciated!"
    }
}
]]></system-out>
  </testcase>
  <testcase name="login" classname="api_testsuite.Reqres_api" time="0.489">
    <system-out><![CDATA[HTTP/1.1 200 OK
Date: Thu, 11 Jul 2024 05:35:04 GMT
Content-Type: application/json; charset=utf-8
Content-Length: 29
Connection: keep-alive
Report-To: {"group":"heroku-nel","max_age":3600,"endpoints":[{"url":"https://nel.heroku.com/reports?ts=1720676103&sid=c4c9725f-1ab0-44d8-820f-430df2718e11&s=4KoeVd9UTr%2B2w%2B3L125q1wyP4ghxQQul%2FA6UsiHNF1o%3D"}]}
Reporting-Endpoints: heroku-nel=https://nel.heroku.com/reports?ts=1720676103&sid=c4c9725f-1ab0-44d8-820f-430df2718e11&s=4KoeVd9UTr%2B2w%2B3L125q1wyP4ghxQQul%2FA6UsiHNF1o%3D
Nel: {"report_to":"heroku-nel","max_age":3600,"success_fraction":0.005,"failure_fraction":0.05,"response_headers":["Via"]}
X-Powered-By: Express
Access-Control-Allow-Origin: *
Etag: W/"1d-lGCrvD6B7Qzk11+2C98+nGhhuec"
Via: 1.1 vegur
CF-Cache-Status: DYNAMIC
Server: cloudflare
CF-RAY: 8a166d9048f87fc2-MAA

{
    "token": "QpwL5tke4Pnpja7X4"
}
]]></system-out>
  </testcase>
  <testcase name="login_not_successful" classname="api_testsuite.Reqres_api" time="0.493">
    <system-out><![CDATA[HTTP/1.1 400 Bad Request
Date: Thu, 11 Jul 2024 05:35:04 GMT
Content-Type: application/json; charset=utf-8
Content-Length: 37
Connection: keep-alive
Report-To: {"group":"heroku-nel","max_age":3600,"endpoints":[{"url":"https://nel.heroku.com/reports?ts=1720676104&sid=c4c9725f-1ab0-44d8-820f-430df2718e11&s=GrMzfg38DknTvXRViczqW8ima0C9KJxASV1emepF9dU%3D"}]}
Reporting-Endpoints: heroku-nel=https://nel.heroku.com/reports?ts=1720676104&sid=c4c9725f-1ab0-44d8-820f-430df2718e11&s=GrMzfg38DknTvXRViczqW8ima0C9KJxASV1emepF9dU%3D
Nel: {"report_to":"heroku-nel","max_age":3600,"success_fraction":0.005,"failure_fraction":0.05,"response_headers":["Via"]}
X-Powered-By: Express
Access-Control-Allow-Origin: *
Etag: W/"25-Ik70kof1lbc973ShN5FoVPxYn7A"
Via: 1.1 vegur
CF-Cache-Status: DYNAMIC
Server: cloudflare
CF-RAY: 8a166d936e157f78-MAA

{
    "error": "Missing email or username"
}
]]></system-out>
  </testcase>
  <testcase name="lsingle_resources" classname="api_testsuite.Reqres_api" time="0.161">
    <system-out><![CDATA[HTTP/1.1 200 OK
Date: Thu, 11 Jul 2024 05:35:04 GMT
Content-Type: application/json; charset=utf-8
Transfer-Encoding: chunked
Connection: keep-alive
Report-To: {"group":"heroku-nel","max_age":3600,"endpoints":[{"url":"https://nel.heroku.com/reports?ts=1720073312&sid=c4c9725f-1ab0-44d8-820f-430df2718e11&s=05Yw4RPcajuFYMjnfC35TIhCioo71WYLRS5fAOi%2BU4U%3D"}]}
Reporting-Endpoints: heroku-nel=https://nel.heroku.com/reports?ts=1720073312&sid=c4c9725f-1ab0-44d8-820f-430df2718e11&s=05Yw4RPcajuFYMjnfC35TIhCioo71WYLRS5fAOi%2BU4U%3D
Nel: {"report_to":"heroku-nel","max_age":3600,"success_fraction":0.005,"failure_fraction":0.05,"response_headers":["Via"]}
X-Powered-By: Express
Access-Control-Allow-Origin: *
Etag: W/"e8-ov4wWh4/OY1IMQMqWgskYtOFnVs"
Via: 1.1 vegur
Cache-Control: max-age=14400
CF-Cache-Status: HIT
Age: 2017
Vary: Accept-Encoding
Server: cloudflare
CF-RAY: 8a166d967843a929-MAA
Content-Encoding: gzip

{
    "data": {
        "id": 2,
        "name": "fuchsia rose",
        "year": 2001,
        "color": "#C74375",
        "pantone_value": "17-2031"
    },
    "support": {
        "url": "https://reqres.in/#support-heading",
        "text": "To keep ReqRes free, contributions towards server costs are appreciated!"
    }
}
]]></system-out>
  </testcase>
  <testcase name="lsingle_resources_not_found" classname="api_testsuite.Reqres_api" time="0.152">
    <system-out><![CDATA[HTTP/1.1 404 Not Found
Date: Thu, 11 Jul 2024 05:35:04 GMT
Content-Type: application/json; charset=utf-8
Content-Length: 2
Connection: keep-alive
Report-To: {"group":"heroku-nel","max_age":3600,"endpoints":[{"url":"https://nel.heroku.com/reports?ts=1720676079&sid=c4c9725f-1ab0-44d8-820f-430df2718e11&s=ei%2BfJUQ4Ttr%2F8CS6071LMkt5FpaDMUGtMNdNQlqDUrw%3D"}]}
Reporting-Endpoints: heroku-nel=https://nel.heroku.com/reports?ts=1720676079&sid=c4c9725f-1ab0-44d8-820f-430df2718e11&s=ei%2BfJUQ4Ttr%2F8CS6071LMkt5FpaDMUGtMNdNQlqDUrw%3D
Nel: {"report_to":"heroku-nel","max_age":3600,"success_fraction":0.005,"failure_fraction":0.05,"response_headers":["Via"]}
X-Powered-By: Express
Access-Control-Allow-Origin: *
Etag: W/"2-vyGp6PvFo4RvsFtPoIWeCReyIC8"
Via: 1.1 vegur
Cache-Control: max-age=14400
CF-Cache-Status: HIT
Age: 25
Vary: Accept-Encoding
Server: cloudflare
CF-RAY: 8a166d977d42801f-MAA

{
    
}
]]></system-out>
  </testcase>
  <testcase name="reg_not_successful" classname="api_testsuite.Reqres_api" time="0.5">
    <system-out><![CDATA[HTTP/1.1 400 Bad Request
Date: Thu, 11 Jul 2024 05:35:05 GMT
Content-Type: application/json; charset=utf-8
Content-Length: 37
Connection: keep-alive
Report-To: {"group":"heroku-nel","max_age":3600,"endpoints":[{"url":"https://nel.heroku.com/reports?ts=1720676105&sid=c4c9725f-1ab0-44d8-820f-430df2718e11&s=%2BcTtC%2FWh8lF8T3EqSLq%2FFU%2BPG7iJY%2BvYdV6s5nw58Us%3D"}]}
Reporting-Endpoints: heroku-nel=https://nel.heroku.com/reports?ts=1720676105&sid=c4c9725f-1ab0-44d8-820f-430df2718e11&s=%2BcTtC%2FWh8lF8T3EqSLq%2FFU%2BPG7iJY%2BvYdV6s5nw58Us%3D
Nel: {"report_to":"heroku-nel","max_age":3600,"success_fraction":0.005,"failure_fraction":0.05,"response_headers":["Via"]}
X-Powered-By: Express
Access-Control-Allow-Origin: *
Etag: W/"25-Ik70kof1lbc973ShN5FoVPxYn7A"
Via: 1.1 vegur
CF-Cache-Status: DYNAMIC
Server: cloudflare
CF-RAY: 8a166d986f7917a7-MAA

{
    "error": "Missing email or username"
}
]]></system-out>
  </testcase>
  <testcase name="reg_successful" classname="api_testsuite.Reqres_api" time="0.514">
    <system-out><![CDATA[HTTP/1.1 200 OK
Date: Thu, 11 Jul 2024 05:35:05 GMT
Content-Type: application/json; charset=utf-8
Content-Length: 36
Connection: keep-alive
Report-To: {"group":"heroku-nel","max_age":3600,"endpoints":[{"url":"https://nel.heroku.com/reports?ts=1720676105&sid=c4c9725f-1ab0-44d8-820f-430df2718e11&s=%2BcTtC%2FWh8lF8T3EqSLq%2FFU%2BPG7iJY%2BvYdV6s5nw58Us%3D"}]}
Reporting-Endpoints: heroku-nel=https://nel.heroku.com/reports?ts=1720676105&sid=c4c9725f-1ab0-44d8-820f-430df2718e11&s=%2BcTtC%2FWh8lF8T3EqSLq%2FFU%2BPG7iJY%2BvYdV6s5nw58Us%3D
Nel: {"report_to":"heroku-nel","max_age":3600,"success_fraction":0.005,"failure_fraction":0.05,"response_headers":["Via"]}
X-Powered-By: Express
Access-Control-Allow-Origin: *
Etag: W/"24-4iP0za1geN2he+ohu8F0FhCjLks"
Via: 1.1 vegur
CF-Cache-Status: DYNAMIC
Server: cloudflare
CF-RAY: 8a166d9b99de7e69-MAA

{
    "id": 4,
    "token": "QpwL5tke4Pnpja7X4"
}
]]></system-out>
  </testcase>
  <testcase name="single_user" classname="api_testsuite.Reqres_api" time="0.15">
    <system-out><![CDATA[HTTP/1.1 200 OK
Date: Thu, 11 Jul 2024 05:35:06 GMT
Content-Type: application/json; charset=utf-8
Transfer-Encoding: chunked
Connection: keep-alive
Report-To: {"group":"heroku-nel","max_age":3600,"endpoints":[{"url":"https://nel.heroku.com/reports?ts=1720636208&sid=c4c9725f-1ab0-44d8-820f-430df2718e11&s=h1EC5DvFJd7taxZVGzlzq%2Bb%2BDxoAh5PhFNltCiIOSNI%3D"}]}
Reporting-Endpoints: heroku-nel=https://nel.heroku.com/reports?ts=1720636208&sid=c4c9725f-1ab0-44d8-820f-430df2718e11&s=h1EC5DvFJd7taxZVGzlzq%2Bb%2BDxoAh5PhFNltCiIOSNI%3D
Nel: {"report_to":"heroku-nel","max_age":3600,"success_fraction":0.005,"failure_fraction":0.05,"response_headers":["Via"]}
X-Powered-By: Express
Access-Control-Allow-Origin: *
Etag: W/"118-pbdwwFo9SKNhD3Lx5iHJyngpq00"
Via: 1.1 vegur
Cache-Control: max-age=14400
CF-Cache-Status: HIT
Age: 3539
Vary: Accept-Encoding
Server: cloudflare
CF-RAY: 8a166d9ebb7f7f96-MAA
Content-Encoding: gzip

{
    "data": {
        "id": 2,
        "email": "janet.weaver@reqres.in",
        "first_name": "Janet",
        "last_name": "Weaver",
        "avatar": "https://reqres.in/img/faces/2-image.jpg"
    },
    "support": {
        "url": "https://reqres.in/#support-heading",
        "text": "To keep ReqRes free, contributions towards server costs are appreciated!"
    }
}
]]></system-out>
  </testcase>
  <testcase name="single_user_not_found" classname="api_testsuite.Reqres_api" time="0.164">
    <system-out><![CDATA[HTTP/1.1 404 Not Found
Date: Thu, 11 Jul 2024 05:35:06 GMT
Content-Type: application/json; charset=utf-8
Content-Length: 2
Connection: keep-alive
Report-To: {"group":"heroku-nel","max_age":3600,"endpoints":[{"url":"https://nel.heroku.com/reports?ts=1720676033&sid=c4c9725f-1ab0-44d8-820f-430df2718e11&s=B6WwP1oEZ4aPppjJNEcKu5VcBK9mDUyuVZfrVwQiumY%3D"}]}
Reporting-Endpoints: heroku-nel=https://nel.heroku.com/reports?ts=1720676033&sid=c4c9725f-1ab0-44d8-820f-430df2718e11&s=B6WwP1oEZ4aPppjJNEcKu5VcBK9mDUyuVZfrVwQiumY%3D
Nel: {"report_to":"heroku-nel","max_age":3600,"success_fraction":0.005,"failure_fraction":0.05,"response_headers":["Via"]}
X-Powered-By: Express
Access-Control-Allow-Origin: *
Etag: W/"2-vyGp6PvFo4RvsFtPoIWeCReyIC8"
Via: 1.1 vegur
Cache-Control: max-age=14400
CF-Cache-Status: HIT
Age: 73
Vary: Accept-Encoding
Server: cloudflare
CF-RAY: 8a166d9fcb8a06a0-MAA

{
    
}
]]></system-out>
  </testcase>
  <testcase name="update" classname="api_testsuite.Reqres_api" time="0.489">
    <system-out><![CDATA[HTTP/1.1 200 OK
Date: Thu, 11 Jul 2024 05:35:06 GMT
Content-Type: application/json; charset=utf-8
Content-Length: 40
Connection: keep-alive
Report-To: {"group":"heroku-nel","max_age":3600,"endpoints":[{"url":"https://nel.heroku.com/reports?ts=1720676106&sid=c4c9725f-1ab0-44d8-820f-430df2718e11&s=4eT%2BOMMbdM%2B8gypKu4HVqWT5L3eCV3iVgQjEKdF70O0%3D"}]}
Reporting-Endpoints: heroku-nel=https://nel.heroku.com/reports?ts=1720676106&sid=c4c9725f-1ab0-44d8-820f-430df2718e11&s=4eT%2BOMMbdM%2B8gypKu4HVqWT5L3eCV3iVgQjEKdF70O0%3D
Nel: {"report_to":"heroku-nel","max_age":3600,"success_fraction":0.005,"failure_fraction":0.05,"response_headers":["Via"]}
X-Powered-By: Express
Access-Control-Allow-Origin: *
Etag: W/"28-4H4MfgBLPuZd0niyMEI8dT/iW6w"
Via: 1.1 vegur
CF-Cache-Status: DYNAMIC
Vary: Accept-Encoding
Server: cloudflare
CF-RAY: 8a166da0ce377f97-MAA

{
    "updatedAt": "2024-07-11T05:35:06.614Z"
}
]]></system-out>
  </testcase>
  <testcase name="update1" classname="api_testsuite.Reqres_api" time="0.501">
    <system-out><![CDATA[HTTP/1.1 200 OK
Date: Thu, 11 Jul 2024 05:35:07 GMT
Content-Type: application/json; charset=utf-8
Content-Length: 40
Connection: keep-alive
Report-To: {"group":"heroku-nel","max_age":3600,"endpoints":[{"url":"https://nel.heroku.com/reports?ts=1720676107&sid=c4c9725f-1ab0-44d8-820f-430df2718e11&s=MaKxditJQBRy%2BGDzYPnB022Rc1pkfR17tj8zEA1NZTo%3D"}]}
Reporting-Endpoints: heroku-nel=https://nel.heroku.com/reports?ts=1720676107&sid=c4c9725f-1ab0-44d8-820f-430df2718e11&s=MaKxditJQBRy%2BGDzYPnB022Rc1pkfR17tj8zEA1NZTo%3D
Nel: {"report_to":"heroku-nel","max_age":3600,"success_fraction":0.005,"failure_fraction":0.05,"response_headers":["Via"]}
X-Powered-By: Express
Access-Control-Allow-Origin: *
Etag: W/"28-pZ4PmfrXd+CNTgvdg1EAEc0XIkE"
Via: 1.1 vegur
CF-Cache-Status: DYNAMIC
Server: cloudflare
CF-RAY: 8a166da3c8a07f3c-MAA

{
    "updatedAt": "2024-07-11T05:35:07.119Z"
}
]]></system-out>
  </testcase>
</testsuite>